<?xml version="1.0" encoding="UTF-8"?>
<testsuite xmlns:xsi="http://www.w3.org/2001/XMLSchema-instance" xsi:noNamespaceSchemaLocation="https://maven.apache.org/surefire/maven-surefire-plugin/xsd/surefire-test-report-3.0.xsd" version="3.0" name="de.happybavarian07.coolstufflib.languagemanager.expressionengine.ExpressionEngineTest" time="0.393" tests="6" errors="0" skipped="0" failures="0">
  <properties>
    <property name="java.specification.version" value="17"/>
    <property name="sun.cpu.isalist" value="amd64"/>
    <property name="sun.jnu.encoding" value="Cp1252"/>
    <property name="java.class.path" value="E:\InteliJ Programs\CoolStuffLib\target\test-classes;E:\InteliJ Programs\CoolStuffLib\target\classes;C:\Users\quiri\.m2\repository\org\spigotmc\spigot-api\1.20-R0.1-SNAPSHOT\spigot-api-1.20-R0.1-SNAPSHOT.jar;C:\Users\quiri\.m2\repository\com\google\guava\guava\31.1-jre\guava-31.1-jre.jar;C:\Users\quiri\.m2\repository\com\google\guava\failureaccess\1.0.1\failureaccess-1.0.1.jar;C:\Users\quiri\.m2\repository\com\google\guava\listenablefuture\9999.0-empty-to-avoid-conflict-with-guava\listenablefuture-9999.0-empty-to-avoid-conflict-with-guava.jar;C:\Users\quiri\.m2\repository\com\google\code\findbugs\jsr305\3.0.2\jsr305-3.0.2.jar;C:\Users\quiri\.m2\repository\org\checkerframework\checker-qual\3.12.0\checker-qual-3.12.0.jar;C:\Users\quiri\.m2\repository\com\google\errorprone\error_prone_annotations\2.11.0\error_prone_annotations-2.11.0.jar;C:\Users\quiri\.m2\repository\com\google\j2objc\j2objc-annotations\1.3\j2objc-annotations-1.3.jar;C:\Users\quiri\.m2\repository\com\google\code\gson\gson\2.10\gson-2.10.jar;C:\Users\quiri\.m2\repository\org\joml\joml\1.10.5\joml-1.10.5.jar;C:\Users\quiri\.m2\repository\net\md-5\bungeecord-chat\1.16-R0.4\bungeecord-chat-1.16-R0.4.jar;C:\Users\quiri\.m2\repository\org\yaml\snakeyaml\2.0\snakeyaml-2.0.jar;C:\Users\quiri\.m2\repository\org\jetbrains\annotations\24.1.0\annotations-24.1.0.jar;C:\Users\quiri\.m2\repository\me\clip\placeholderapi\2.10.9\placeholderapi-2.10.9.jar;C:\Users\quiri\.m2\repository\junit\junit\4.13.1\junit-4.13.1.jar;C:\Users\quiri\.m2\repository\org\hamcrest\hamcrest-core\1.3\hamcrest-core-1.3.jar;C:\Users\quiri\.m2\repository\org\junit\jupiter\junit-jupiter-api\5.9.3\junit-jupiter-api-5.9.3.jar;C:\Users\quiri\.m2\repository\org\opentest4j\opentest4j\1.2.0\opentest4j-1.2.0.jar;C:\Users\quiri\.m2\repository\org\junit\platform\junit-platform-commons\1.9.3\junit-platform-commons-1.9.3.jar;C:\Users\quiri\.m2\repository\org\apiguardian\apiguardian-api\1.1.2\apiguardian-api-1.1.2.jar;C:\Users\quiri\.m2\repository\org\junit\jupiter\junit-jupiter-params\5.10.2\junit-jupiter-params-5.10.2.jar;C:\Users\quiri\.m2\repository\org\mockito\mockito-core\5.3.1\mockito-core-5.3.1.jar;C:\Users\quiri\.m2\repository\net\bytebuddy\byte-buddy\1.14.4\byte-buddy-1.14.4.jar;C:\Users\quiri\.m2\repository\net\bytebuddy\byte-buddy-agent\1.14.4\byte-buddy-agent-1.14.4.jar;C:\Users\quiri\.m2\repository\org\objenesis\objenesis\3.3\objenesis-3.3.jar;"/>
    <property name="java.vm.vendor" value="Amazon.com Inc."/>
    <property name="sun.arch.data.model" value="64"/>
    <property name="user.variant" value=""/>
    <property name="java.vendor.url" value="https://aws.amazon.com/corretto/"/>
    <property name="user.timezone" value="Europe/Berlin"/>
    <property name="os.name" value="Windows 10"/>
    <property name="java.vm.specification.version" value="17"/>
    <property name="sun.java.launcher" value="SUN_STANDARD"/>
    <property name="user.country" value="DE"/>
    <property name="sun.boot.library.path" value="C:\Users\quiri\.jdks\corretto-17.0.15\bin"/>
    <property name="sun.java.command" value="C:\Users\quiri\AppData\Local\Temp\surefire5733817888484209734\surefirebooter-20250605200325666_3.jar C:\Users\quiri\AppData\Local\Temp\surefire5733817888484209734 2025-06-05T20-03-25_397-jvmRun1 surefire-20250605200325666_1tmp surefire_0-20250605200325666_2tmp"/>
    <property name="jdk.debug" value="release"/>
    <property name="surefire.test.class.path" value="E:\InteliJ Programs\CoolStuffLib\target\test-classes;E:\InteliJ Programs\CoolStuffLib\target\classes;C:\Users\quiri\.m2\repository\org\spigotmc\spigot-api\1.20-R0.1-SNAPSHOT\spigot-api-1.20-R0.1-SNAPSHOT.jar;C:\Users\quiri\.m2\repository\com\google\guava\guava\31.1-jre\guava-31.1-jre.jar;C:\Users\quiri\.m2\repository\com\google\guava\failureaccess\1.0.1\failureaccess-1.0.1.jar;C:\Users\quiri\.m2\repository\com\google\guava\listenablefuture\9999.0-empty-to-avoid-conflict-with-guava\listenablefuture-9999.0-empty-to-avoid-conflict-with-guava.jar;C:\Users\quiri\.m2\repository\com\google\code\findbugs\jsr305\3.0.2\jsr305-3.0.2.jar;C:\Users\quiri\.m2\repository\org\checkerframework\checker-qual\3.12.0\checker-qual-3.12.0.jar;C:\Users\quiri\.m2\repository\com\google\errorprone\error_prone_annotations\2.11.0\error_prone_annotations-2.11.0.jar;C:\Users\quiri\.m2\repository\com\google\j2objc\j2objc-annotations\1.3\j2objc-annotations-1.3.jar;C:\Users\quiri\.m2\repository\com\google\code\gson\gson\2.10\gson-2.10.jar;C:\Users\quiri\.m2\repository\org\joml\joml\1.10.5\joml-1.10.5.jar;C:\Users\quiri\.m2\repository\net\md-5\bungeecord-chat\1.16-R0.4\bungeecord-chat-1.16-R0.4.jar;C:\Users\quiri\.m2\repository\org\yaml\snakeyaml\2.0\snakeyaml-2.0.jar;C:\Users\quiri\.m2\repository\org\jetbrains\annotations\24.1.0\annotations-24.1.0.jar;C:\Users\quiri\.m2\repository\me\clip\placeholderapi\2.10.9\placeholderapi-2.10.9.jar;C:\Users\quiri\.m2\repository\junit\junit\4.13.1\junit-4.13.1.jar;C:\Users\quiri\.m2\repository\org\hamcrest\hamcrest-core\1.3\hamcrest-core-1.3.jar;C:\Users\quiri\.m2\repository\org\junit\jupiter\junit-jupiter-api\5.9.3\junit-jupiter-api-5.9.3.jar;C:\Users\quiri\.m2\repository\org\opentest4j\opentest4j\1.2.0\opentest4j-1.2.0.jar;C:\Users\quiri\.m2\repository\org\junit\platform\junit-platform-commons\1.9.3\junit-platform-commons-1.9.3.jar;C:\Users\quiri\.m2\repository\org\apiguardian\apiguardian-api\1.1.2\apiguardian-api-1.1.2.jar;C:\Users\quiri\.m2\repository\org\junit\jupiter\junit-jupiter-params\5.10.2\junit-jupiter-params-5.10.2.jar;C:\Users\quiri\.m2\repository\org\mockito\mockito-core\5.3.1\mockito-core-5.3.1.jar;C:\Users\quiri\.m2\repository\net\bytebuddy\byte-buddy\1.14.4\byte-buddy-1.14.4.jar;C:\Users\quiri\.m2\repository\net\bytebuddy\byte-buddy-agent\1.14.4\byte-buddy-agent-1.14.4.jar;C:\Users\quiri\.m2\repository\org\objenesis\objenesis\3.3\objenesis-3.3.jar;"/>
    <property name="sun.cpu.endian" value="little"/>
    <property name="user.home" value="C:\Users\quiri"/>
    <property name="user.language" value="de"/>
    <property name="java.specification.vendor" value="Oracle Corporation"/>
    <property name="java.version.date" value="2025-04-15"/>
    <property name="java.home" value="C:\Users\quiri\.jdks\corretto-17.0.15"/>
    <property name="file.separator" value="\"/>
    <property name="basedir" value="E:\InteliJ Programs\CoolStuffLib"/>
    <property name="java.vm.compressedOopsMode" value="Zero based"/>
    <property name="line.separator" value="&#10;"/>
    <property name="java.vm.specification.vendor" value="Oracle Corporation"/>
    <property name="java.specification.name" value="Java Platform API Specification"/>
    <property name="surefire.real.class.path" value="C:\Users\quiri\AppData\Local\Temp\surefire5733817888484209734\surefirebooter-20250605200325666_3.jar"/>
    <property name="user.script" value=""/>
    <property name="sun.management.compiler" value="HotSpot 64-Bit Tiered Compilers"/>
    <property name="java.runtime.version" value="17.0.15+6-LTS"/>
    <property name="user.name" value="quiri"/>
    <property name="path.separator" value=";"/>
    <property name="os.version" value="10.0"/>
    <property name="java.runtime.name" value="OpenJDK Runtime Environment"/>
    <property name="file.encoding" value="Cp1252"/>
    <property name="java.vm.name" value="OpenJDK 64-Bit Server VM"/>
    <property name="java.vendor.version" value="Corretto-17.0.15.6.1"/>
    <property name="localRepository" value="C:\Users\quiri\.m2\repository"/>
    <property name="java.vendor.url.bug" value="https://github.com/corretto/corretto-17/issues/"/>
    <property name="java.io.tmpdir" value="C:\Users\quiri\AppData\Local\Temp\"/>
    <property name="idea.version" value="2025.1.2"/>
    <property name="java.version" value="17.0.15"/>
    <property name="user.dir" value="E:\InteliJ Programs\CoolStuffLib"/>
    <property name="os.arch" value="amd64"/>
    <property name="java.vm.specification.name" value="Java Virtual Machine Specification"/>
    <property name="sun.os.patch.level" value=""/>
    <property name="native.encoding" value="Cp1252"/>
    <property name="java.library.path" value="C:\Users\quiri\.jdks\corretto-17.0.15\bin;C:\WINDOWS\Sun\Java\bin;C:\WINDOWS\system32;C:\WINDOWS;E:\anaconda3\condabin;D:\Program Files\NVIDIA GPU Computing Toolkit\CUDA\v11.8\bin;D:\Program Files\NVIDIA GPU Computing Toolkit\CUDA\v11.8\libnvvp;C:\Program Files\Java\jdk-21\bin;C:\Program Files\Python\Python310\Scripts\;C:\Program Files\Python\Python310\;C:\Windows\system32;C:\Windows;C:\Windows\System32\Wbem;C:\Windows\System32\WindowsPowerShell\v1.0\;C:\Windows\System32\OpenSSH\;C:\Program Files (x86)\NVIDIA Corporation\PhysX\Common;C:\Program Files (x86)\IVI Foundation\VISA\WinNT\Bin;C:\Program Files\dotnet\;C:\Program Files\Microsoft SQL Server\130\Tools\Binn\;C:\Program Files\Microsoft SQL Server\Client SDK\ODBC\170\Tools\Binn\;C:\WINDOWS\system32;C:\WINDOWS;C:\WINDOWS\System32\Wbem;C:\WINDOWS\System32\WindowsPowerShell\v1.0\;C:\WINDOWS\System32\OpenSSH\;C:\Program Files (x86)\dotnet\;C:\Program Files\Java\jdk-21\bin;C:\Program Files\nodejs\;C:\Program Files\NVIDIA Corporation\NVIDIA App\NvDLISR;C:\Program Files\NVIDIA Corporation\Nsight Compute 2022.3.0\;C:\Program Files\Docker\Docker\resources\bin;C:\Users\quiri\AppData\Local\Programs\Python\Python313\Scripts\;C:\Users\quiri\AppData\Local\Programs\Python\Python313\;C:\Users\quiri\.cargo\bin;C:\Users\quiri\Documents\apache-maven-3.8.1\bin;C:\Test\ffmpeg-4.4-essentials_build\bin;C:\Windows\system32;C:\Windows;C:\Windows\System32\Wbem;C:\Windows\System32\WindowsPowerShell\v1.0\;C:\Windows\System32\OpenSSH\;C:\Program Files (x86)\NVIDIA Corporation\PhysX\Common;C:\Program Files\NVIDIA Corporation\NVIDIA NvDLISR;C:\Program Files (x86)\IVI Foundation\VISA\WinNT\Bin;C:\Program Files\dotnet\;C:\WINDOWS\system32;C:\WINDOWS;C:\WINDOWS\System32\Wbem;C:\WINDOWS\System32\WindowsPowerShell\v1.0\;C:\WINDOWS\System32\OpenSSH\;C:\Program Files (x86)\dotnet\;C:\Windows\system32;C:\Windows;C:\Windows\System32\Wbem;C:\Windows\System32\WindowsPowerShell\v1.0\;C:\Windows\System32\OpenSSH\;C:\Program Files (x86)\NVIDIA Corporation\PhysX\Common;C:\Program Files\NVIDIA Corporation\NVIDIA NvDLISR;C:\Users\quiri\AppData\Local\JetBrains\Toolbox\scripts;C:\Users\quiri\AppData\Local\Programs\Microsoft VS Code\bin;E:\VSCodeThings\.venv\Lib\site-packages\pywin32_system32\pywintypes38.dll;C:\Users\quiri\AppData\Local\GnuPG\bin\;C:\Users\quiri\AppData\Local\Programs\Git\cmd;C:\Users\quiri\AppData\Local\Android\sdk\platform-tools;E:\go1.24.0\go\bin;E:\platform-tools\build-tools\31.0.0;C:\Users\quiri\.lmstudio\bin;C:\Program Files (x86)\Microsoft Visual Studio\2019\Community\VC\Tools\MSVC\14.29.30133\bin\Hostx64\x64;C:\Users\quiri\PycharmProjects\RocketLeagueMLBot\execution\RLBotServer;C:\Users\quiri\AppData\Local\Programs\Python\Python313\Lib\site-packages;C:\Users\quiri\.dotnet\tools;."/>
    <property name="java.vm.info" value="mixed mode, sharing"/>
    <property name="java.vendor" value="Amazon.com Inc."/>
    <property name="java.vm.version" value="17.0.15+6-LTS"/>
    <property name="java.specification.maintenance.version" value="1"/>
    <property name="sun.io.unicode.encoding" value="UnicodeLittle"/>
    <property name="java.class.version" value="61.0"/>
  </properties>
  <testcase name="testMaterialParsing" classname="de.happybavarian07.coolstufflib.languagemanager.expressionengine.ExpressionEngineTest" time="0.334"/>
  <testcase name="testConditionalChain" classname="de.happybavarian07.coolstufflib.languagemanager.expressionengine.ExpressionEngineTest" time="0.041">
    <system-out><![CDATA[[ExpressionEngine DEBUG] Evaluating: de.happybavarian07.coolstufflib.languagemanager.expressionengine.Parser$Expression$Binary@1b58ff9e
[ExpressionEngine DEBUG] Evaluating: de.happybavarian07.coolstufflib.languagemanager.expressionengine.Parser$Expression$Variable@2f66e802
[ExpressionEngine DEBUG] Result: 9
[ExpressionEngine DEBUG] Evaluating: de.happybavarian07.coolstufflib.languagemanager.expressionengine.Parser$Expression$Literal@56b78e55
[ExpressionEngine DEBUG] Result: 10.0
[ExpressionEngine DEBUG] Result: false
[ExpressionEngine DEBUG] Evaluating: de.happybavarian07.coolstufflib.languagemanager.expressionengine.Parser$Expression$Binary@7fe083b1
[ExpressionEngine DEBUG] Evaluating: de.happybavarian07.coolstufflib.languagemanager.expressionengine.Parser$Expression$Variable@23c388c2
[ExpressionEngine DEBUG] Result: 9
[ExpressionEngine DEBUG] Evaluating: de.happybavarian07.coolstufflib.languagemanager.expressionengine.Parser$Expression$Literal@486be205
[ExpressionEngine DEBUG] Result: 5.0
[ExpressionEngine DEBUG] Result: true
[ExpressionEngine DEBUG] Evaluating: de.happybavarian07.coolstufflib.languagemanager.expressionengine.Parser$Expression$Call@f713686
[ExpressionEngine DEBUG] Evaluating: de.happybavarian07.coolstufflib.languagemanager.expressionengine.Parser$Expression$Literal@74f7d1d2
[ExpressionEngine DEBUG] Result: medium
[ExpressionEngine DEBUG] Result: medium
[ExpressionEngine DEBUG] Evaluating: de.happybavarian07.coolstufflib.languagemanager.expressionengine.Parser$Expression$Binary@4b4dd216
[ExpressionEngine DEBUG] Evaluating: de.happybavarian07.coolstufflib.languagemanager.expressionengine.Parser$Expression$Variable@5ca17ab0
[ExpressionEngine DEBUG] Result: 4
[ExpressionEngine DEBUG] Evaluating: de.happybavarian07.coolstufflib.languagemanager.expressionengine.Parser$Expression$Literal@5a62b2a4
[ExpressionEngine DEBUG] Result: 10.0
[ExpressionEngine DEBUG] Result: false
[ExpressionEngine DEBUG] Evaluating: de.happybavarian07.coolstufflib.languagemanager.expressionengine.Parser$Expression$Binary@1051817b
[ExpressionEngine DEBUG] Evaluating: de.happybavarian07.coolstufflib.languagemanager.expressionengine.Parser$Expression$Variable@35293c05
[ExpressionEngine DEBUG] Result: 4
[ExpressionEngine DEBUG] Evaluating: de.happybavarian07.coolstufflib.languagemanager.expressionengine.Parser$Expression$Literal@620aa4ea
[ExpressionEngine DEBUG] Result: 5.0
[ExpressionEngine DEBUG] Result: false
[ExpressionEngine DEBUG] Evaluating: de.happybavarian07.coolstufflib.languagemanager.expressionengine.Parser$Expression$Call@2db2dd9d
[ExpressionEngine DEBUG] Evaluating: de.happybavarian07.coolstufflib.languagemanager.expressionengine.Parser$Expression$Literal@3174cb09
[ExpressionEngine DEBUG] Result: small
[ExpressionEngine DEBUG] Result: small
[ExpressionEngine DEBUG] Evaluating: de.happybavarian07.coolstufflib.languagemanager.expressionengine.Parser$Expression$Binary@4d411036
[ExpressionEngine DEBUG] Evaluating: de.happybavarian07.coolstufflib.languagemanager.expressionengine.Parser$Expression$Variable@7adbd080
[ExpressionEngine DEBUG] Result: 11
[ExpressionEngine DEBUG] Evaluating: de.happybavarian07.coolstufflib.languagemanager.expressionengine.Parser$Expression$Literal@41beb473
[ExpressionEngine DEBUG] Result: 10.0
[ExpressionEngine DEBUG] Result: true
[ExpressionEngine DEBUG] Evaluating: de.happybavarian07.coolstufflib.languagemanager.expressionengine.Parser$Expression$Call@560513ce
[ExpressionEngine DEBUG] Evaluating: de.happybavarian07.coolstufflib.languagemanager.expressionengine.Parser$Expression$Literal@13006998
[ExpressionEngine DEBUG] Result: big
[ExpressionEngine DEBUG] Result: big
]]></system-out>
  </testcase>
  <testcase name="testBasicMath" classname="de.happybavarian07.coolstufflib.languagemanager.expressionengine.ExpressionEngineTest" time="0.001">
    <system-out><![CDATA[[ExpressionEngine DEBUG] Evaluating: de.happybavarian07.coolstufflib.languagemanager.expressionengine.Parser$Expression$Binary@37fbe4a8
[ExpressionEngine DEBUG] Evaluating: de.happybavarian07.coolstufflib.languagemanager.expressionengine.Parser$Expression$Literal@352c308
[ExpressionEngine DEBUG] Result: 1.0
[ExpressionEngine DEBUG] Evaluating: de.happybavarian07.coolstufflib.languagemanager.expressionengine.Parser$Expression$Binary@7d373bcf
[ExpressionEngine DEBUG] Evaluating: de.happybavarian07.coolstufflib.languagemanager.expressionengine.Parser$Expression$Literal@6d6bc158
[ExpressionEngine DEBUG] Result: 2.0
[ExpressionEngine DEBUG] Evaluating: de.happybavarian07.coolstufflib.languagemanager.expressionengine.Parser$Expression$Literal@5dda6f9
[ExpressionEngine DEBUG] Result: 3.0
[ExpressionEngine DEBUG] Result: 6.0
[ExpressionEngine DEBUG] Result: 7.0
]]></system-out>
  </testcase>
  <testcase name="testVariables" classname="de.happybavarian07.coolstufflib.languagemanager.expressionengine.ExpressionEngineTest" time="0.0">
    <system-out><![CDATA[[ExpressionEngine DEBUG] Evaluating: de.happybavarian07.coolstufflib.languagemanager.expressionengine.Parser$Expression$Binary@10027fc9
[ExpressionEngine DEBUG] Evaluating: de.happybavarian07.coolstufflib.languagemanager.expressionengine.Parser$Expression$Variable@54afd745
[ExpressionEngine DEBUG] Result: 4
[ExpressionEngine DEBUG] Evaluating: de.happybavarian07.coolstufflib.languagemanager.expressionengine.Parser$Expression$Variable@677dbd89
[ExpressionEngine DEBUG] Result: 4
[ExpressionEngine DEBUG] Result: 16.0
]]></system-out>
  </testcase>
  <testcase name="testTypeInference" classname="de.happybavarian07.coolstufflib.languagemanager.expressionengine.ExpressionEngineTest" time="0.011">
    <system-out><![CDATA[[ExpressionEngine DEBUG] Evaluating: de.happybavarian07.coolstufflib.languagemanager.expressionengine.Parser$Expression$Call@c00fff0
[ExpressionEngine DEBUG] Evaluating: de.happybavarian07.coolstufflib.languagemanager.expressionengine.Parser$Expression$Call@263f04ca
[ExpressionEngine DEBUG] Evaluating: de.happybavarian07.coolstufflib.languagemanager.expressionengine.Parser$Expression$Literal@2ca47471
[ExpressionEngine DEBUG] Result: true
[ExpressionEngine DEBUG] Result: true
[ExpressionEngine DEBUG] Result: true
]]></system-out>
  </testcase>
  <testcase name="testFunction" classname="de.happybavarian07.coolstufflib.languagemanager.expressionengine.ExpressionEngineTest" time="0.003">
    <system-out><![CDATA[[ExpressionEngine DEBUG] Evaluating: de.happybavarian07.coolstufflib.languagemanager.expressionengine.Parser$Expression$Call@b93aad
[ExpressionEngine DEBUG] Evaluating: de.happybavarian07.coolstufflib.languagemanager.expressionengine.Parser$Expression$Variable@4a9419d7
[ExpressionEngine DEBUG] Result: 2.0
[ExpressionEngine DEBUG] Result: 4.0
[ExpressionEngine DEBUG] Evaluating: de.happybavarian07.coolstufflib.languagemanager.expressionengine.Parser$Expression$Call@2f3c6ac4
[ExpressionEngine DEBUG] Evaluating: de.happybavarian07.coolstufflib.languagemanager.expressionengine.Parser$Expression$Variable@2e8ab815
[ExpressionEngine DEBUG] Result: 4.0
[ExpressionEngine DEBUG] Result: 8.0
[ExpressionEngine DEBUG] Evaluating: de.happybavarian07.coolstufflib.languagemanager.expressionengine.Parser$Expression$Call@67af833b
[ExpressionEngine DEBUG] Evaluating: de.happybavarian07.coolstufflib.languagemanager.expressionengine.Parser$Expression$Variable@d1f74b8
[ExpressionEngine DEBUG] Result: 8.0
[ExpressionEngine DEBUG] Result: 16.0
[ExpressionEngine DEBUG] Evaluating: de.happybavarian07.coolstufflib.languagemanager.expressionengine.Parser$Expression$Call@41394595
[ExpressionEngine DEBUG] Evaluating: de.happybavarian07.coolstufflib.languagemanager.expressionengine.Parser$Expression$Variable@3a0807b7
[ExpressionEngine DEBUG] Result: 16.0
[ExpressionEngine DEBUG] Result: 32.0
[ExpressionEngine DEBUG] Evaluating: de.happybavarian07.coolstufflib.languagemanager.expressionengine.Parser$Expression$Call@21a5fd96
[ExpressionEngine DEBUG] Evaluating: de.happybavarian07.coolstufflib.languagemanager.expressionengine.Parser$Expression$Variable@5769e7ae
[ExpressionEngine DEBUG] Result: 32.0
[ExpressionEngine DEBUG] Result: 64.0
[ExpressionEngine DEBUG] Evaluating: de.happybavarian07.coolstufflib.languagemanager.expressionengine.Parser$Expression$Call@5c77053b
[ExpressionEngine DEBUG] Evaluating: de.happybavarian07.coolstufflib.languagemanager.expressionengine.Parser$Expression$Variable@26b894bd
[ExpressionEngine DEBUG] Result: 64.0
[ExpressionEngine DEBUG] Result: 128.0
[ExpressionEngine DEBUG] Evaluating: de.happybavarian07.coolstufflib.languagemanager.expressionengine.Parser$Expression$Call@287f94b1
[ExpressionEngine DEBUG] Evaluating: de.happybavarian07.coolstufflib.languagemanager.expressionengine.Parser$Expression$Variable@30b34287
[ExpressionEngine DEBUG] Result: 128.0
[ExpressionEngine DEBUG] Result: 256.0
[ExpressionEngine DEBUG] Evaluating: de.happybavarian07.coolstufflib.languagemanager.expressionengine.Parser$Expression$Call@5489c777
[ExpressionEngine DEBUG] Evaluating: de.happybavarian07.coolstufflib.languagemanager.expressionengine.Parser$Expression$Variable@3676ac27
[ExpressionEngine DEBUG] Result: 256.0
[ExpressionEngine DEBUG] Result: 512.0
[ExpressionEngine DEBUG] Evaluating: de.happybavarian07.coolstufflib.languagemanager.expressionengine.Parser$Expression$Call@62f87c44
[ExpressionEngine DEBUG] Evaluating: de.happybavarian07.coolstufflib.languagemanager.expressionengine.Parser$Expression$Variable@48f5bde6
[ExpressionEngine DEBUG] Result: 512.0
[ExpressionEngine DEBUG] Result: 1024.0
[ExpressionEngine DEBUG] Evaluating: de.happybavarian07.coolstufflib.languagemanager.expressionengine.Parser$Expression$Call@525d79f0
[ExpressionEngine DEBUG] Evaluating: de.happybavarian07.coolstufflib.languagemanager.expressionengine.Parser$Expression$Variable@5149f008
[ExpressionEngine DEBUG] Result: 1024.0
[ExpressionEngine DEBUG] Result: 2048.0
[ExpressionEngine DEBUG] Evaluating: de.happybavarian07.coolstufflib.languagemanager.expressionengine.Parser$Expression$Call@7072bc39
[ExpressionEngine DEBUG] Evaluating: de.happybavarian07.coolstufflib.languagemanager.expressionengine.Parser$Expression$Call@158d255c
[ExpressionEngine DEBUG] Evaluating: de.happybavarian07.coolstufflib.languagemanager.expressionengine.Parser$Expression$Variable@2ca65ce4
[ExpressionEngine DEBUG] Result: 2.0
[ExpressionEngine DEBUG] Result: 4.0
[ExpressionEngine DEBUG] Result: 8.0
[ExpressionEngine DEBUG] Evaluating: de.happybavarian07.coolstufflib.languagemanager.expressionengine.Parser$Expression$Call@327120c8
[ExpressionEngine DEBUG] Evaluating: de.happybavarian07.coolstufflib.languagemanager.expressionengine.Parser$Expression$Call@5707c1cb
[ExpressionEngine DEBUG] Evaluating: de.happybavarian07.coolstufflib.languagemanager.expressionengine.Parser$Expression$Variable@2b5cb9b2
[ExpressionEngine DEBUG] Result: 8.0
[ExpressionEngine DEBUG] Result: 64.0
[ExpressionEngine DEBUG] Result: 128.0
[ExpressionEngine DEBUG] Evaluating: de.happybavarian07.coolstufflib.languagemanager.expressionengine.Parser$Expression$Call@35038141
[ExpressionEngine DEBUG] Evaluating: de.happybavarian07.coolstufflib.languagemanager.expressionengine.Parser$Expression$Call@ecf9049
[ExpressionEngine DEBUG] Evaluating: de.happybavarian07.coolstufflib.languagemanager.expressionengine.Parser$Expression$Variable@672f11c2
[ExpressionEngine DEBUG] Result: 128.0
[ExpressionEngine DEBUG] Result: 16384.0
[ExpressionEngine DEBUG] Result: 32768.0
[ExpressionEngine DEBUG] Evaluating: de.happybavarian07.coolstufflib.languagemanager.expressionengine.Parser$Expression$Call@2970a5bc
[ExpressionEngine DEBUG] Evaluating: de.happybavarian07.coolstufflib.languagemanager.expressionengine.Parser$Expression$Call@50305a
[ExpressionEngine DEBUG] Evaluating: de.happybavarian07.coolstufflib.languagemanager.expressionengine.Parser$Expression$Variable@72efb5c1
[ExpressionEngine DEBUG] Result: 32768.0
[ExpressionEngine DEBUG] Result: 1.073741824E9
[ExpressionEngine DEBUG] Result: 2.147483648E9
[ExpressionEngine DEBUG] Evaluating: de.happybavarian07.coolstufflib.languagemanager.expressionengine.Parser$Expression$Call@6d511b5f
[ExpressionEngine DEBUG] Evaluating: de.happybavarian07.coolstufflib.languagemanager.expressionengine.Parser$Expression$Call@41200e0c
[ExpressionEngine DEBUG] Evaluating: de.happybavarian07.coolstufflib.languagemanager.expressionengine.Parser$Expression$Variable@40f33492
[ExpressionEngine DEBUG] Result: 2.147483648E9
[ExpressionEngine DEBUG] Result: 4.6116860184273879E18
[ExpressionEngine DEBUG] Result: 9.223372036854776E18
[ExpressionEngine DEBUG] Evaluating: de.happybavarian07.coolstufflib.languagemanager.expressionengine.Parser$Expression$Call@4fbdc0f0
[ExpressionEngine DEBUG] Evaluating: de.happybavarian07.coolstufflib.languagemanager.expressionengine.Parser$Expression$Call@2ad3a1bb
[ExpressionEngine DEBUG] Evaluating: de.happybavarian07.coolstufflib.languagemanager.expressionengine.Parser$Expression$Variable@6bc28a83
[ExpressionEngine DEBUG] Result: 9.223372036854776E18
[ExpressionEngine DEBUG] Result: 8.507059173023462E37
[ExpressionEngine DEBUG] Result: 1.7014118346046923E38
[ExpressionEngine DEBUG] Evaluating: de.happybavarian07.coolstufflib.languagemanager.expressionengine.Parser$Expression$Call@324c64cd
[ExpressionEngine DEBUG] Evaluating: de.happybavarian07.coolstufflib.languagemanager.expressionengine.Parser$Expression$Call@13579834
[ExpressionEngine DEBUG] Evaluating: de.happybavarian07.coolstufflib.languagemanager.expressionengine.Parser$Expression$Variable@24be2d9c
[ExpressionEngine DEBUG] Result: 1.7014118346046923E38
[ExpressionEngine DEBUG] Result: 2.894802230932905E76
[ExpressionEngine DEBUG] Result: 5.78960446186581E76
[ExpressionEngine DEBUG] Evaluating: de.happybavarian07.coolstufflib.languagemanager.expressionengine.Parser$Expression$Call@5bd73d1a
[ExpressionEngine DEBUG] Evaluating: de.happybavarian07.coolstufflib.languagemanager.expressionengine.Parser$Expression$Call@aec50a1
[ExpressionEngine DEBUG] Evaluating: de.happybavarian07.coolstufflib.languagemanager.expressionengine.Parser$Expression$Variable@2555fff0
[ExpressionEngine DEBUG] Result: 5.78960446186581E76
[ExpressionEngine DEBUG] Result: 3.3519519824856493E153
[ExpressionEngine DEBUG] Result: 6.7039039649712985E153
[ExpressionEngine DEBUG] Evaluating: de.happybavarian07.coolstufflib.languagemanager.expressionengine.Parser$Expression$Call@70d2e40b
[ExpressionEngine DEBUG] Evaluating: de.happybavarian07.coolstufflib.languagemanager.expressionengine.Parser$Expression$Call@120f38e6
[ExpressionEngine DEBUG] Evaluating: de.happybavarian07.coolstufflib.languagemanager.expressionengine.Parser$Expression$Variable@7a0e1b5e
[ExpressionEngine DEBUG] Result: 6.7039039649712985E153
[ExpressionEngine DEBUG] Result: 4.49423283715579E307
[ExpressionEngine DEBUG] Result: 8.98846567431158E307
[ExpressionEngine DEBUG] Evaluating: de.happybavarian07.coolstufflib.languagemanager.expressionengine.Parser$Expression$Call@702ed190
[ExpressionEngine DEBUG] Evaluating: de.happybavarian07.coolstufflib.languagemanager.expressionengine.Parser$Expression$Call@173b9122
[ExpressionEngine DEBUG] Evaluating: de.happybavarian07.coolstufflib.languagemanager.expressionengine.Parser$Expression$Variable@7c18432b
[ExpressionEngine DEBUG] Result: 8.98846567431158E307
[ExpressionEngine DEBUG] Result: Infinity
[ExpressionEngine DEBUG] Result: Infinity
]]></system-out>
  </testcase>
</testsuite>